<?xml version="1.0" encoding="UTF-8"?>
<testng-results ignored="0" total="2" passed="2" failed="0" skipped="0">
  <reporter-output>
  </reporter-output>
  <suite started-at="2022-01-17T18:27:39 IST" name="Default suite" finished-at="2022-01-17T18:27:39 IST" duration-ms="100">
    <groups>
    </groups>
    <test started-at="2022-01-17T18:27:39 IST" name="Default test" finished-at="2022-01-17T18:27:39 IST" duration-ms="100">
      <class name="listner.testNG.WorkingClass">
        <test-method signature="test1()[pri:0, instance:listner.testNG.WorkingClass@76508ed1]" started-at="2022-01-17T18:27:39 IST" name="test1" finished-at="2022-01-17T18:27:39 IST" duration-ms="16" status="PASS">
          <reporter-output>
          </reporter-output>
        </test-method> <!-- test1 -->
        <test-method signature="test2()[pri:0, instance:listner.testNG.WorkingClass@76508ed1]" started-at="2022-01-17T18:27:39 IST" name="test2" finished-at="2022-01-17T18:27:39 IST" duration-ms="3" status="PASS">
          <reporter-output>
          </reporter-output>
        </test-method> <!-- test2 -->
      </class> <!-- listner.testNG.WorkingClass -->
    </test> <!-- Default test -->
  </suite> <!-- Default suite -->
</testng-results>
